[03/12/2026 19:31:35] Job information:
{
  "CommandLine": [
    "$(engine.path)\\accoreconsole.exe /i \"$(args[inputFile].path)\" /al \"$(appbundles[DuplaExtractor].path)\" /s \"$(settings[script].path)\""
  ],
  "Settings": {
    "script": {
      "value": "EXTRACTDUPLADATA\n"
    },
    "dasOpenNetwork": {
      "value": "true",
      "isEnvironmentVariable": true
    }
  },
  "Id": "42fd2f0cf2024375bf46241c3a738b6c",
  "ActivityId": "AncIVVnx9rAcOyJo55sGGEBkN33KY1eTKg3bMGSH8b0reeWn.DuplaExtractActivity+dev",
  "EngineId": "Autodesk.AutoCAD_24_3!42",
  "Apps": [
    "AncIVVnx9rAcOyJo55sGGEBkN33KY1eTKg3bMGSH8b0reeWn.DuplaExtractor!1"
  ],
  "BoundArguments": {
    "inputFile": {
      "localName": "$(inputFile)",
      "url": "https://cdn.us.oss.api.autodesk.com/Masked:n3blzcb9syhlp0H1smeiks0zQq4=",
      "verb": "get"
    },
    "outputJson": {
      "localName": "resultados.json",
      "url": "https://cdn.us.oss.api.autodesk.com/Masked:jV9YIYX47vO41LeQ/pWrLV+ByAg=",
      "verb": "put"
    }
  },
  "Quotas": {
    "limitProcessingTimeSec": 100,
    "limitTotalUncompressedAppsSizeInMB": 500
  }
}
[03/12/2026 19:31:36] Starting work item 42fd2f0cf2024375bf46241c3a738b6c
[03/12/2026 19:31:36] Start download phase.
[03/12/2026 19:31:36] Start downloading input: verb - 'Get', url - 'https://cdn.us.oss.api.autodesk.com/oss/v2/signedresources/2f9ff870-1ca5-4780-a19c-c5b56982cd3e?region=US'
[03/12/2026 19:31:37] End downloading file. Source=https://cdn.us.oss.api.autodesk.com/oss/v2/signedresources/2f9ff870-1ca5-4780-a19c-c5b56982cd3e?region=US,LocalFile=C:\DARoot\Jobs\42fd2f0cf2024375bf46241c3a738b6c\8-_ACAD-PLANOS_GIUALCA_I_-_RV7_-_EXP.039-025.dwg_SOLO_IMPRESION.dwg,BytesDownloaded=20497504,Duration=1549ms
[03/12/2026 19:31:37] End download phase successfully.
[03/12/2026 19:31:37] Start preparing script and command line parameters.
[03/12/2026 19:31:37] Command line: [ /i "C:\DARoot\Jobs\42fd2f0cf2024375bf46241c3a738b6c\8-_ACAD-PLANOS_GIUALCA_I_-_RV7_-_EXP.039-025.dwg_SOLO_IMPRESION.dwg" /al "C:\DARoot\Applications\d85d6f5fbb9d261e6e6258879b387845.AncIVVnx9rAcOyJo55sGGEBkN33KY1eTKg3bMGSH8b0reeWn.DuplaExtractor[1].package" /s "C:\DARoot\Jobs\42fd2f0cf2024375bf46241c3a738b6c\setting_script.scr"]
[03/12/2026 19:31:37] End preparing script and command line parameters.
[03/12/2026 19:31:37] Start script phase.
[03/12/2026 19:31:37] Start AutoCAD Core Engine standard output dump.
[03/12/2026 19:31:37] Redirect stdout (file: C:\DARoot\Jobs\42fd2f0cf2024375bf46241c3a738b6c\tmp\accc22482).
[03/12/2026 19:31:37] AcCoreConsole: StdOutConsoleMode: processed-output: disabled,auto
[03/12/2026 19:31:37] AutoCAD Core Engine Console - Copyright 2023 Autodesk, Inc.  All rights reserved. (U.61.Z.194)
[03/12/2026 19:31:37] Execution Path:
[03/12/2026 19:31:37] C:\DARoot\AcesRoot\24.3\coreEngine\Exe\accoreconsole.exe
[03/12/2026 19:31:37] Current Directory: C:\DARoot\Jobs\42fd2f0cf2024375bf46241c3a738b6c
[03/12/2026 19:31:37] Isolating to regkey=HKEY_CURRENT_USER\SOFTWARE\AppDataLow\Software\Autodesk\CoreUser\WorkItem_42fd2f0cf2024375bf46241c3a738b6c, userDataFolder=C:\DARoot\Jobs\42fd2f0cf2024375bf46241c3a738b6c\userdata.
[03/12/2026 19:31:38] Version Number: U.61.Z.194 (UNICODE)
[03/12/2026 19:31:38] LogFilePath has been set to the working folder.
[03/12/2026 19:31:38] Loading AEC Base...
[03/12/2026 19:31:38] Loading AEC Base Extended...
[03/12/2026 19:31:38] Loading AEC Core...
[03/12/2026 19:31:38] Loading AEC Project Base...
[03/12/2026 19:31:38] Loading AEC Architectural Base...
[03/12/2026 19:31:38] Loading AEC Schedule...
[03/12/2026 19:31:38] Loading AECC Base...
[03/12/2026 19:31:38] Loading Modeler DLLs.
[03/12/2026 19:31:38] Loading AecCivilBase...
[03/12/2026 19:31:38] Loading AECC QTO......
[03/12/2026 19:31:38] Loading AECC Land...
[03/12/2026 19:31:38] Loading AECC Base Core...
[03/12/2026 19:31:38] Loading AECC Survey...
[03/12/2026 19:31:38] Loading AECC Roadway...
[03/12/2026 19:31:38] Loading AECC Pipe Part...
[03/12/2026 19:31:38] Loading AECC Pipe Network...
[03/12/2026 19:31:38] Unable to access Shared Pipe Catalog folder.
[03/12/2026 19:31:38]  Please verify configuration.
[03/12/2026 19:31:38]  Run 'setNetworkCatalog' to reset.
[03/12/2026 19:31:38] Unable to access Shared Pipe Catalog folder.
[03/12/2026 19:31:38]  Please verify configuration.
[03/12/2026 19:31:38]  Run 'setNetworkCatalog' to reset.
[03/12/2026 19:31:38] Loading AECC Pressure Pipes...
[03/12/2026 19:31:38] Loading AECC Building Site...
[03/12/2026 19:31:38] Loading AECC DwgIndxExtractor...
[03/12/2026 19:31:38] Loading AECC Point Cloud...
[03/12/2026 19:31:38] Loading AECC ETransmit...
[03/12/2026 19:31:38] Loading AECC Plan Production...
[03/12/2026 19:31:38] Loading AECC Hydrology...
[03/12/2026 19:31:38] Loading AECC Bridge...
[03/12/2026 19:31:38] Loading AECC Rail...
[03/12/2026 19:31:39] Substituting [simplex.shx] for [Britannic Bold].
[03/12/2026 19:31:39] Substituting [simplex.shx] for [Britannic Bold].
[03/12/2026 19:31:39] Substituting [simplex.shx] for [Britannic Bold].
[03/12/2026 19:31:39] Substituting [simplex.shx] for [Britannic Bold].
[03/12/2026 19:31:39] Substituting [simplex.shx] for [Britannic Bold].
[03/12/2026 19:31:39] Substituting [simplex.shx] for [Britannic Bold].
[03/12/2026 19:31:39] Substituting [simplex.shx] for [Britannic Bold].
[03/12/2026 19:31:39] Substituting [simplex.shx] for [Britannic Bold].
[03/12/2026 19:31:39] Substituting [simplex.shx] for [Britannic Bold].
[03/12/2026 19:31:39] Regenerating model.
[03/12/2026 19:31:45] AutoCAD menu utilities loaded.
[03/12/2026 19:31:45] Command:
[03/12/2026 19:31:45] Command: Enter BACKSPACE to interrupt script.
[03/12/2026 19:31:45] Command:
[03/12/2026 19:31:45] Command: EXTRACTDUPLADATA
[03/12/2026 19:31:45] Unknown command "EXTRACTDUPLADATA".  Press F1 for help.
[03/12/2026 19:31:46] End AutoCAD Core Engine standard output dump.
[03/12/2026 19:31:46] End script phase.
[03/12/2026 19:31:46] Start upload phase.
[03/12/2026 19:31:46] Error: Non-optional output [resultados.json] is missing.
[03/12/2026 19:31:46] Error: An unexpected error happened during phase Publishing of job.
[03/12/2026 19:31:46] Job finished with result FailedMissingOutput
[03/12/2026 19:31:46] Job Status:
{
  "status": "failedInstructions",
  "reportUrl": "https://dasprod-store.s3.us-east-1.amazonaws.com/workItem/AncIVVnx9rAcOyJo55sGGEBkN33KY1eTKg3bMGSH8b0reeWn/42fd2f0cf2024375bf46241c3a738b6c/report?X-Amz-Expires=8100&X-Amz-Security-Token=IQoJb3JpZ2luX2VjELT%2F%2F%2F%2F%2F%2F%2F%2F%2F%2FwEaCXVzLWVhc3QtMSJHMEUCIAp%2FJto82JPQNFYR0DFFoBQR%2Bgy0jS134nzEpReB7llHAiEA0UpOWy%2BjRmmoSIKvRdXlRnQYDnnrDhCnj9%2BxR43kNF0q%2BwMIfBAEGgwyMjA0NzMxNTIzMTAiDAbyhpda1P6ah3EIAirYA5ljqzBg%2BID9UUFL1RF7Sujn0bp9QU3OwADMAKifyqF7wqmMcQrK6%2FwVd%2FZPpGWxt9EGUXiSlMHbyEnmngiDjbwPlk5G%2FjHNBpR7eakbjnDfCYothmVA0rB9uicXQNJp51xzp9uN5z3Gjq5YPB%2FcfY%2FpT1mv3dGLp9NQF%2BpOfVI3Z9uKnFKmNvN82ZdtbyYeWRL8ZGWVVRKeYf%2BY%2B4zpuh69sded0XwS%2FJu55gVJNbKTNlvWM%2FpXrIaB1rU9e75FqXMFpfyd2oQcnzextTBSHuIlW9wByuG9pc2qjPSZD4c7mhw0doN2naG%2FJ5ndYX7nYKHCD2ZhQGdsvDAj8CWMYNxlzSzn5YaJ6Ed%2BeV%2BO0gUVuaaO9uG77Z4CwZIHFGJ31Q0%2FBBsdkPQuXrN9dXWklEvUzWJbHi0fOdsawpiPyzrJ4tf0sbvwUW3PDGkOnW5u5KLNVotKRmRz34a%2FGjeD2RhTHuFZ4ODWZcDdoybcJBJzcCEZ9vMPS5hMsjPbJIOjBGFZS97ysvypasGffzahhJ1CVBkW4khkOxJVIZ8P1u9quee08yrerRqD2qDYO7A5rxYc8t7A2fsvGctVaDj5sApZTvIXeJC3VD5JnRCkIP6bpia3fIk4EBUws5%2FMzQY6oQFghy8DdNVrGzGCGBsgYMtm2RMKyuVBJg66is80pxqfHNj6QZe1JI9svhvKTDvydqLWK6s48VdlxSRdenV%2BiBuR0r2fi3VOGc1hH2fcmPE8PtHuwEf3TbNOysmNbml2rCqF2pedRDzzwQuRVXkpfn23y0EWufdq93kQzAYzLK9Cup9FP7DPRt9L%2FOu6cTKXQYaBJpVDOuO6pSvCPWRPXJiRnA%3D%3D&X-Amz-Algorithm=AWS4-HMAC-SHA256&X-Amz-Credential=ASIATGVJZKM3K3CRMLWV%2F20260312%2Fus-east-1%2Fs3%2Faws4_request&X-Amz-Date=20260312T193135Z&X-Amz-SignedHeaders=host&X-Amz-Signature=9d98c124d15c09439d3d7ea6d2c64ea9c07f3f1988d7527030824463725fcee5",
  "activityId": "AncIVVnx9rAcOyJo55sGGEBkN33KY1eTKg3bMGSH8b0reeWn.DuplaExtractActivity+dev",
  "stats": {
    "timeQueued": "2026-03-12T19:31:35.8940748Z",
    "timeDownloadStarted": "2026-03-12T19:31:35.9947835Z",
    "timeInstructionsStarted": "2026-03-12T19:31:37.6132773Z",
    "timeInstructionsEnded": "2026-03-12T19:31:46.3730487Z",
    "timeUploadEnded": "2026-03-12T19:31:46.3736539Z",
    "bytesDownloaded": 20497504
  },
  "id": "42fd2f0cf2024375bf46241c3a738b6c"
}
